[debug] [2024-10-09T21:34:42.359Z] ----------------------------------------------------------------------
[debug] [2024-10-09T21:34:42.367Z] Command:       C:\Program Files\nodejs\node.exe C:\Users\atiff\AppData\Roaming\npm\node_modules\firebase-tools\lib\bin\firebase.js init
[debug] [2024-10-09T21:34:42.367Z] CLI Version:   13.22.0
[debug] [2024-10-09T21:34:42.367Z] Platform:      win32
[debug] [2024-10-09T21:34:42.367Z] Node Version:  v20.16.0
[debug] [2024-10-09T21:34:42.367Z] Time:          Thu Oct 10 2024 00:34:42 GMT+0300 (Arabian Standard Time)
[debug] [2024-10-09T21:34:42.368Z] ----------------------------------------------------------------------
[debug] 
[debug] [2024-10-09T21:34:42.450Z] > command requires scopes: ["email","openid","https://www.googleapis.com/auth/cloudplatformprojects.readonly","https://www.googleapis.com/auth/firebase","https://www.googleapis.com/auth/cloud-platform"]
[debug] [2024-10-09T21:34:42.450Z] > authorizing via signed-in user (boody2012atef@gmail.com)
[info] 
     ######## #### ########  ######## ########     ###     ######  ########
     ##        ##  ##     ## ##       ##     ##  ##   ##  ##       ##
     ######    ##  ########  ######   ########  #########  ######  ######
     ##        ##  ##    ##  ##       ##     ## ##     ##       ## ##
     ##       #### ##     ## ######## ########  ##     ##  ######  ########

You're about to initialize a Firebase project in this directory:

  C:\Users\atiff

Before we get started, keep in mind:

  * You are initializing within an existing Firebase project directory

[info] 
=== Project Setup
[info] 
[info] First, let's associate this project directory with a Firebase project.
[info] You can create multiple project aliases by running firebase use --add, 
[info] but for now we'll just set up a default project.
[info] 
[debug] [2024-10-09T21:34:55.172Z] Using project from CLI flag: arabic-quiz-248d4
[debug] [2024-10-09T21:34:55.173Z] Checked if tokens are valid: false, expires at: 1728510320721
[debug] [2024-10-09T21:34:55.173Z] Checked if tokens are valid: false, expires at: 1728510320721
[debug] [2024-10-09T21:34:55.173Z] > refreshing access token with scopes: []
[debug] [2024-10-09T21:34:55.174Z] >>> [apiv2][query] POST https://www.googleapis.com/oauth2/v3/token [none]
[debug] [2024-10-09T21:34:55.174Z] >>> [apiv2][body] POST https://www.googleapis.com/oauth2/v3/token [omitted]
[debug] [2024-10-09T21:34:55.660Z] <<< [apiv2][status] POST https://www.googleapis.com/oauth2/v3/token 200
[debug] [2024-10-09T21:34:55.660Z] <<< [apiv2][body] POST https://www.googleapis.com/oauth2/v3/token [omitted]
[debug] [2024-10-09T21:34:55.666Z] >>> [apiv2][query] GET https://firebase.googleapis.com/v1beta1/projects/arabic-quiz-248d4 [none]
[debug] [2024-10-09T21:34:56.196Z] <<< [apiv2][status] GET https://firebase.googleapis.com/v1beta1/projects/arabic-quiz-248d4 200
[debug] [2024-10-09T21:34:56.196Z] <<< [apiv2][body] GET https://firebase.googleapis.com/v1beta1/projects/arabic-quiz-248d4 {"projectId":"arabic-quiz-248d4","projectNumber":"324001623437","displayName":"arabic-quiz","name":"projects/arabic-quiz-248d4","resources":{"hostingSite":"arabic-quiz-248d4"},"state":"ACTIVE","etag":"1_cdc23d3f-f1b5-444c-b88d-afcd7cbd9297"}
[info] i  Using project arabic-quiz-248d4 (arabic-quiz) 
[info] 
=== Hosting Setup
[debug] [2024-10-09T21:34:56.201Z] Checked if tokens are valid: true, expires at: 1728513294660
[debug] [2024-10-09T21:34:56.201Z] Checked if tokens are valid: true, expires at: 1728513294660
[debug] [2024-10-09T21:34:56.201Z] >>> [apiv2][query] GET https://firebase.googleapis.com/v1beta1/projects/arabic-quiz-248d4 [none]
[debug] [2024-10-09T21:34:56.471Z] <<< [apiv2][status] GET https://firebase.googleapis.com/v1beta1/projects/arabic-quiz-248d4 200
[debug] [2024-10-09T21:34:56.471Z] <<< [apiv2][body] GET https://firebase.googleapis.com/v1beta1/projects/arabic-quiz-248d4 {"projectId":"arabic-quiz-248d4","projectNumber":"324001623437","displayName":"arabic-quiz","name":"projects/arabic-quiz-248d4","resources":{"hostingSite":"arabic-quiz-248d4"},"state":"ACTIVE","etag":"1_cdc23d3f-f1b5-444c-b88d-afcd7cbd9297"}
[info] 
[info] Your public directory is the folder (relative to your project directory) that
[info] will contain Hosting assets to be uploaded with firebase deploy. If you
[info] have a build process for your assets, use your build's output directory.
[info] 
